Lmod Warning:
-------------------------------------------------------------------------------
The following dependent module(s) are not currently loaded: geos/3.8.1
(required by: gdal/3.6.4)
-------------------------------------------------------------------------------




The following have been reloaded with a version change:
  1) geos/3.8.2 => geos/3.8.1


The following have been reloaded with a version change:
  1) geos/3.8.1 => geos/3.8.2


Attaching package: ‘dplyr’

The following objects are masked from ‘package:stats’:

    filter, lag

The following objects are masked from ‘package:base’:

    intersect, setdiff, setequal, union


Attaching package: ‘BayesfMRI’

The following object is masked from ‘package:hrf’:

    do_QC


WARNING: recomputed pixdim doesn't exactly match the original header in file '/N/scratch/saiwolf/R/tmp/RtmpL9vKCn/sep.labels.nii', FSL may complain about output file(s)


WARNING: recomputed pixdim doesn't exactly match the original header in file '/N/scratch/saiwolf/R/tmp/RtmpL9vKCn/sep.labels.nii', FSL may complain about output file(s)


WARNING: recomputed pixdim doesn't exactly match the original header in file '/N/scratch/saiwolf/R/tmp/RtmpL9vKCn/sep.labels.nii', FSL may complain about output file(s)


WARNING: recomputed pixdim doesn't exactly match the original header in file '/N/scratch/saiwolf/R/tmp/RtmpL9vKCn/sep.labels.nii', FSL may complain about output file(s)


WARNING: recomputed pixdim doesn't exactly match the original header in file '/N/scratch/saiwolf/R/tmp/RtmpL9vKCn/sep.labels.nii', FSL may complain about output file(s)


WARNING: recomputed pixdim doesn't exactly match the original header in file '/N/scratch/saiwolf/R/tmp/RtmpL9vKCn/sep.labels.nii', FSL may complain about output file(s)

